022-07-27 08:32:03.611 UTC 0001 INFO [nodeCmd] serve -> Starting peer:
 Version: 2.4.4
 Commit SHA: 1473eca
 Go version: go1.18.2
 OS/Arch: linux/amd64
 Chaincode:
  Base Docker Label: org.hyperledger.fabric
  Docker Namespace: hyperledger

2022-07-27 08:32:03.612 UTC 0002 INFO [peer] getLocalAddress -> Auto-detected peer address: 172.19.0.3:7051
2022-07-27 08:32:03.612 UTC 0003 INFO [peer] getLocalAddress -> Returning peer0.org1.example.com:7051

2022-07-27 08:32:03.618 UTC 0004 INFO [nodeCmd] initGrpcSemaphores -> concurrency limit for endorser service is 2500
2022-07-27 08:32:03.618 UTC 0005 INFO [nodeCmd] initGrpcSemaphores -> concurrency limit for deliver service is 2500

2022-07-27 08:32:03.618 UTC 0006 INFO [nodeCmd] serve -> Starting peer with TLS enabled
2022-07-27 08:32:03.720 UTC 0007 INFO [certmonitor] trackCertExpiration -> The enrollment certificate will expire on 2032-07-24 08:27:00 +0000 UTC
2022-07-27 08:32:03.721 UTC 0008 INFO [certmonitor] trackCertExpiration -> The server TLS certificate will expire on 2032-07-24 08:27:00 +0000 UTC

2022-07-27 08:32:03.721 UTC 0009 INFO [ledgermgmt] NewLedgerMgr -> Initializing LedgerMgr
2022-07-27 08:32:03.769 UTC 000a INFO [leveldbhelper] openDBAndCheckFormat -> DB is empty Setting db format as 2.0
2022-07-27 08:32:03.772 UTC 000b INFO [blkstorage] NewProvider -> Creating new file ledger directory at /var/hyperledger/production/ledgersData/chains/chains
2022-07-27 08:32:03.812 UTC 000c INFO [leveldbhelper] openDBAndCheckFormat -> DB is empty Setting db format as 2.0
2022-07-27 08:32:03.867 UTC 000d INFO [leveldbhelper] openDBAndCheckFormat -> DB is empty Setting db format as 2.0
2022-07-27 08:32:03.871 UTC 000e INFO [ledgermgmt] NewLedgerMgr -> Initialized LedgerMgr

2022-07-27 08:32:03.873 UTC 000f INFO [gossip.service] New -> Initialize gossip with endpoint peer0.org1.example.com:7051
2022-07-27 08:32:03.875 UTC 0010 INFO [gossip.gossip] New -> Creating gossip service with self membership of Endpoint: peer0.org1.example.com:7051, InternalEndpoint: peer0.org1.example.com:7051, PKI-ID: 14ab40f2d4fda2fc113cb0f3a4c87df905d48d9a3dcdf34a303b4b3c7f4e7e5c, Metadata:
2022-07-27 08:32:03.875 UTC 0011 INFO [gossip.gossip] start -> Gossip instance peer0.org1.example.com:7051 started

2022-07-27 08:32:03.875 UTC 0012 INFO [lifecycle] InitializeLocalChaincodes -> Initialized lifecycle cache with 0 already installed chaincodes

2022-07-27 08:32:03.879 UTC 0013 INFO [nodeCmd] computeChaincodeEndpoint -> Entering computeChaincodeEndpoint with peerHostname: peer0.org1.example.com
2022-07-27 08:32:03.879 UTC 0014 INFO [nodeCmd] computeChaincodeEndpoint -> Exit with ccEndpoint: peer0.org1.example.com:7052

2022-07-27 08:32:03.883 UTC 0015 INFO [sccapi] DeploySysCC -> deploying system chaincode 'lscc'
2022-07-27 08:32:03.884 UTC 0016 INFO [sccapi] DeploySysCC -> deploying system chaincode 'cscc'
2022-07-27 08:32:03.884 UTC 0017 INFO [sccapi] DeploySysCC -> deploying system chaincode 'qscc'
2022-07-27 08:32:03.884 UTC 0018 INFO [sccapi] DeploySysCC -> deploying system chaincode '_lifecycle'
2022-07-27 08:32:03.884 UTC 0019 INFO [nodeCmd] serve -> Deployed system chaincodes

2022-07-27 08:32:03.884 UTC 001a INFO [discovery] NewService -> Created with config TLS: true, authCacheMaxSize: 1000, authCachePurgeRatio: 0.750000
2022-07-27 08:32:03.884 UTC 001b INFO [nodeCmd] serve -> Discovery service activated
2022-07-27 08:32:03.884 UTC 001c INFO [nodeCmd] serve -> Starting peer with Gateway enabled
2022-07-27 08:32:03.885 UTC 001d INFO [nodeCmd] serve -> Starting peer with ID=[peer0.org1.example.com], network ID=[dev], address=[peer0.org1.example.com:7051]
2022-07-27 08:32:03.885 UTC 001e INFO [nodeCmd] serve -> Started peer with ID=[peer0.org1.example.com], network ID=[dev], address=[peer0.org1.example.com:7051]

2022-07-27 08:32:03.885 UTC 001f INFO [kvledger] LoadPreResetHeight -> Loading prereset height from path [/var/hyperledger/production/ledgersData/chains]
2022-07-27 08:32:03.885 UTC 0020 INFO [blkstorage] preResetHtFiles -> No active channels passed